<?xml version="1.0" encoding="UTF-8"?>
<beans xmlns="http://www.springframework.org/schema/beans" xmlns:xsi="http://www.w3.org/2001/XMLSchema-instance"
	xmlns:aop="http://www.springframework.org/schema/aop" xmlns:context="http://www.springframework.org/schema/context"
	xsi:schemaLocation="
		   http://www.springframework.org/schema/beans
           http://www.springframework.org/schema/beans/spring-beans-3.0.xsd
		   http://www.springframework.org/schema/aop 
           http://www.springframework.org/schema/aop/spring-aop-3.0.xsd
           http://www.springframework.org/schema/context
           http://www.springframework.org/schema/context/spring-context-3.0.xsd">

	<aop:aspectj-autoproxy />
	<context:annotation-config />
	<context:component-scan base-package="com.google.code.ssm.test" />

	<!-- easy way to test different types of serialization mechanizm by passing it as system property (-Dssm.provider=JSON) -->
	<bean name="defaultSerializationTypeAsString" class="java.lang.String">
		<constructor-arg value="#{systemProperties['ssm.defaultSerializationType']?:'PROVIDER'}" />
	</bean>

	<bean name="defaultMemcachedClient" class="com.google.code.ssm.CacheFactory">
		<property name="cacheClientFactory">
			<bean class="com.google.code.ssm.providers.xmemcached.MemcacheClientFactoryImpl" />
		</property>
		<property name="addressProvider">
			<bean class="com.google.code.ssm.config.DefaultAddressProvider">
				<property name="address" value="127.0.0.1:11211" />
			</bean>
		</property>
		<property name="configuration">
			<bean class="com.google.code.ssm.providers.CacheConfiguration">
				<property name="consistentHashing" value="true" />
			</bean>
		</property>
		<property name="defaultSerializationType"
			value="#{T(com.google.code.ssm.api.format.SerializationType).valueOf(@defaultSerializationTypeAsString)}" />
	</bean>

	<bean name="memcachedClient1" class="com.google.code.ssm.CacheFactory">
		<property name="cacheClientFactory">
			<bean class="com.google.code.ssm.providers.xmemcached.MemcacheClientFactoryImpl" />
		</property>
		<property name="addressProvider">
			<bean class="com.google.code.ssm.config.DefaultAddressProvider">
				<property name="address" value="127.0.0.1:11212" />
			</bean>
		</property>
		<property name="configuration">
			<bean class="com.google.code.ssm.providers.CacheConfiguration">
				<property name="consistentHashing" value="true" />
			</bean>
		</property>
		<property name="defaultSerializationType"
			value="#{T(com.google.code.ssm.api.format.SerializationType).valueOf(@defaultSerializationTypeAsString)}" />
		<property name="cacheName" value="cache1" />
		<property name="cacheAliases">
			<list>
				<value>cache1Alias</value>
			</list>
		</property>
	</bean>

	<!-- flush all data from memcached before starting tests -->
	<bean id="flushDefaultMemcached" class="org.springframework.beans.factory.config.MethodInvokingFactoryBean">
		<property name="targetObject" ref="defaultMemcachedClient" />
		<property name="targetMethod" value="flush" />
	</bean>

	<!-- flush all data from memcached before starting tests -->
	<bean id="flushMemcached1" class="org.springframework.beans.factory.config.MethodInvokingFactoryBean">
		<property name="targetObject" ref="memcachedClient1" />
		<property name="targetMethod" value="flush" />
	</bean>

</beans>